<?xml version="1.0" encoding="UTF-8"?>
<!-- Generated by org.testng.reporters.JUnitReportReporter -->
<testsuite hostname="LAPTOP-52F8BIKA" failures="0" tests="6" name="DynamicJson" time="2.050" errors="0" timestamp="2020-08-08T00:13:46 IST" skipped="0">
  <testcase classname="DynamicJson" name="DeleteBook" time="0.079"/>
  <system-out/>
  <testcase classname="DynamicJson" name="AddBook" time="0.115"/>
  <system-out/>
  <testcase classname="DynamicJson" name="DeleteBook" time="0.097"/>
  <system-out/>
  <testcase classname="DynamicJson" name="AddBook" time="1.568"/>
  <system-out/>
  <testcase classname="DynamicJson" name="AddBook" time="0.106"/>
  <system-out/>
  <testcase classname="DynamicJson" name="DeleteBook" time="0.085"/>
  <system-out/>
</testsuite> <!-- DynamicJson -->
