<?xml version="1.0" encoding="UTF-8"?>
<!-- Generated by org.testng.reporters.JUnitReportReporter -->
<testsuite hostname="LAPTOP-52F8BIKA" failures="0" tests="1" name="APITest" time="2.354" errors="0" timestamp="2020-08-07T20:25:56 IST" skipped="0">
  <testcase classname="APITest" name="get_pitStops" time="2.354"/>
  <system-out/>
</testsuite> <!-- APITest -->
