<?xml version="1.0" encoding="UTF-8"?>
<!-- Generated by org.testng.reporters.JUnitReportReporter -->
<testsuite hostname="LAPTOP-52F8BIKA" failures="0" tests="1" name="SerializedTest" time="2.274" errors="0" timestamp="2020-07-17T10:24:48 IST" skipped="0">
  <testcase classname="SerializedTest" name="TestSerialization" time="2.274"/>
  <system-out/>
</testsuite> <!-- SerializedTest -->
