<?xml version="1.0" encoding="UTF-8"?>
<!-- Generated by org.testng.reporters.JUnitReportReporter -->
<testsuite hostname="LAPTOP-52F8BIKA" failures="0" tests="1" name="JiraTest" time="2.097" errors="0" timestamp="2020-08-09T21:11:45 IST" skipped="0">
  <testcase classname="JiraTest" name="AddComment" time="2.097"/>
  <system-out/>
</testsuite> <!-- JiraTest -->
