<?xml version="1.0" encoding="UTF-8"?>
<!-- Generated by org.testng.reporters.JUnitReportReporter -->
<testsuite hostname="LAPTOP-52F8BIKA" failures="0" tests="1" name="StaticJson" time="1.718" errors="0" timestamp="2020-08-08T00:33:38 IST" skipped="0">
  <testcase classname="StaticJson" name="AddBook" time="1.718"/>
  <system-out/>
</testsuite> <!-- StaticJson -->
