<?xml version="1.0" encoding="UTF-8"?>
<!-- Generated by org.testng.reporters.JUnitReportReporter -->
<testsuite hostname="LAPTOP-52F8BIKA" failures="0" tests="1" name="SpectBuilderTest" time="1.853" errors="0" timestamp="2020-07-17T11:04:30 IST" skipped="0">
  <testcase classname="SpectBuilderTest" name="TestSerialization" time="1.853"/>
  <system-out/>
</testsuite> <!-- SpectBuilderTest -->
